Build started 05/08/2014 06:28:31 م.
     1>Project "C:\Users\steve_000\Documents\Visual Studio 2013\Projects\first_connect4\first_connect4\first_connect4.vcxproj" on node 2 (Build target(s)).
     1>ClCompile:
         C:\Program Files (x86)\Microsoft Visual Studio 12.0\VC\bin\CL.exe /c /ZI /nologo /W3 /WX- /sdl /Od /Oy- /D WIN32 /D _DEBUG /D _CONSOLE /D _LIB /D _UNICODE /D UNICODE /Gm /EHsc /RTC1 /MDd /GS /fp:precise /Zc:wchar_t /Zc:forScope /Fo"Debug\\" /Fd"Debug\vc120.pdb" /Gd /TP /analyze- /errorReport:prompt first_connect4.cpp Main.cpp SDL_Setup.cpp Sprite.cpp
         Sprite.cpp
         SDL_Setup.cpp
         Main.cpp
     1>c:\users\steve_000\documents\visual studio 2013\projects\first_connect4\first_connect4\main.cpp(114): warning C4018: '<' : signed/unsigned mismatch
     1>c:\users\steve_000\documents\visual studio 2013\projects\first_connect4\first_connect4\main.cpp(119): warning C4018: '<' : signed/unsigned mismatch
         first_connect4.cpp
         Generating Code...
     1>c:\users\steve_000\documents\visual studio 2013\projects\first_connect4\first_connect4\main.cpp(82): warning C4715: 'CMain::check' : not all control paths return a value
       Link:
         C:\Program Files (x86)\Microsoft Visual Studio 12.0\VC\bin\link.exe /ERRORREPORT:PROMPT /OUT:"C:\Users\steve_000\Documents\Visual Studio 2013\Projects\first_connect4\Debug\first_connect4.exe" /INCREMENTAL /NOLOGO SDL2.lib SDL2main.lib SDL2_mixer.lib SDL2_image.lib kernel32.lib user32.lib gdi32.lib winspool.lib comdlg32.lib advapi32.lib shell32.lib ole32.lib oleaut32.lib uuid.lib odbc32.lib odbccp32.lib /MANIFEST /MANIFESTUAC:"level='asInvoker' uiAccess='false'" /manifest:embed /DEBUG /PDB:"C:\Users\steve_000\Documents\Visual Studio 2013\Projects\first_connect4\Debug\first_connect4.pdb" /SUBSYSTEM:CONSOLE /TLBID:1 /DYNAMICBASE /NXCOMPAT /IMPLIB:"C:\Users\steve_000\Documents\Visual Studio 2013\Projects\first_connect4\Debug\first_connect4.lib" /MACHINE:X86 Debug\first_connect4.obj
         Debug\Main.obj
         Debug\SDL_Setup.obj
         Debug\Sprite.obj
         first_connect4.vcxproj -> C:\Users\steve_000\Documents\Visual Studio 2013\Projects\first_connect4\Debug\first_connect4.exe
     1>Done Building Project "C:\Users\steve_000\Documents\Visual Studio 2013\Projects\first_connect4\first_connect4\first_connect4.vcxproj" (Build target(s)).

Build succeeded.

Time Elapsed 00:00:12.88
